\BOOKMARK [1][-]{section.1}{\376\377\000I\000n\000t\000r\000o\000d\000u\000c\000t\000i\000o\000n}{}% 1
\BOOKMARK [1][-]{section.2}{\376\377\000S\000u\000m\000m\000a\000r\000y\000\040\000o\000f\000\040\000M\000e\000t\000h\000o\000d\000s\000\040\000a\000n\000d\000\040\000K\000e\000y\000\040\000R\000e\000s\000u\000l\000t\000s}{}% 2
\BOOKMARK [2][-]{subsection.2.1}{\376\377\000M\000e\000t\000h\000o\000d\000s\000\040\000O\000v\000e\000r\000v\000i\000e\000w}{section.2}% 3
\BOOKMARK [2][-]{subsection.2.2}{\376\377\000K\000e\000y\000\040\000R\000e\000s\000u\000l\000t\000s}{section.2}% 4
\BOOKMARK [3][-]{subsubsection.2.2.1}{\376\377\000A\000u\000t\000o\000\040\000M\000P\000G}{subsection.2.2}% 5
\BOOKMARK [3][-]{subsubsection.2.2.2}{\376\377\000C\000a\000l\000i\000f\000o\000r\000n\000i\000a\000\040\000H\000o\000u\000s\000i\000n\000g\000\040\000P\000r\000i\000c\000e\000s}{subsection.2.2}% 6
\BOOKMARK [3][-]{subsubsection.2.2.3}{\376\377\000I\000n\000s\000u\000r\000a\000n\000c\000e\000\040\000C\000h\000a\000r\000g\000e\000s}{subsection.2.2}% 7
\BOOKMARK [2][-]{subsection.2.3}{\376\377\000C\000r\000o\000s\000s\000-\000D\000a\000t\000a\000s\000e\000t\000\040\000S\000u\000m\000m\000a\000r\000y}{section.2}% 8
\BOOKMARK [1][-]{section.3}{\376\377\000A\000u\000t\000o\000\040\000M\000P\000G}{}% 9
\BOOKMARK [2][-]{subsection.3.1}{\376\377\000E\000x\000p\000l\000o\000r\000a\000t\000o\000r\000y\000\040\000D\000a\000t\000a\000\040\000A\000n\000a\000l\000y\000s\000i\000s}{section.3}% 10
\BOOKMARK [2][-]{subsection.3.2}{\376\377\000M\000u\000l\000t\000i\000p\000l\000e\000\040\000L\000i\000n\000e\000a\000r\000\040\000R\000e\000g\000r\000e\000s\000s\000i\000o\000n}{section.3}% 11
\BOOKMARK [3][-]{subsubsection.3.2.1}{\376\377\000Q\000u\000a\000l\000i\000t\000y\000\040\000o\000f\000\040\000F\000i\000t}{subsection.3.2}% 12
\BOOKMARK [3][-]{subsubsection.3.2.2}{\376\377\000F\000e\000a\000t\000u\000r\000e\000\040\000S\000e\000l\000e\000c\000t\000i\000o\000n}{subsection.3.2}% 13
\BOOKMARK [2][-]{subsection.3.3}{\376\377\000R\000i\000d\000g\000e\000\040\000R\000e\000g\000r\000e\000s\000s\000i\000o\000n}{section.3}% 14
\BOOKMARK [3][-]{subsubsection.3.3.1}{\376\377\000Q\000u\000a\000l\000i\000t\000y\000\040\000o\000f\000\040\000F\000i\000t}{subsection.3.3}% 15
\BOOKMARK [3][-]{subsubsection.3.3.2}{\376\377\000F\000e\000a\000t\000u\000r\000e\000\040\000S\000e\000l\000e\000c\000t\000i\000o\000n}{subsection.3.3}% 16
\BOOKMARK [2][-]{subsection.3.4}{\376\377\000L\000a\000s\000s\000o\000\040\000R\000e\000g\000r\000e\000s\000s\000i\000o\000n}{section.3}% 17
\BOOKMARK [3][-]{subsubsection.3.4.1}{\376\377\000Q\000u\000a\000l\000i\000t\000y\000\040\000o\000f\000\040\000F\000i\000t}{subsection.3.4}% 18
\BOOKMARK [3][-]{subsubsection.3.4.2}{\376\377\000F\000e\000a\000t\000u\000r\000e\000\040\000S\000e\000l\000e\000c\000t\000i\000o\000n}{subsection.3.4}% 19
\BOOKMARK [2][-]{subsection.3.5}{\376\377\000S\000q\000r\000t\000\040\000T\000r\000a\000n\000s\000f\000o\000r\000m\000a\000t\000i\000o\000n}{section.3}% 20
\BOOKMARK [3][-]{subsubsection.3.5.1}{\376\377\000Q\000u\000a\000l\000i\000t\000y\000\040\000o\000f\000\040\000F\000i\000t}{subsection.3.5}% 21
\BOOKMARK [3][-]{subsubsection.3.5.2}{\376\377\000F\000e\000a\000t\000u\000r\000e\000\040\000S\000e\000l\000e\000c\000t\000i\000o\000n}{subsection.3.5}% 22
\BOOKMARK [2][-]{subsection.3.6}{\376\377\000L\000o\000g\0001\000p\000\040\000T\000r\000a\000n\000s\000f\000o\000r\000m\000a\000t\000i\000o\000n}{section.3}% 23
\BOOKMARK [3][-]{subsubsection.3.6.1}{\376\377\000Q\000u\000a\000l\000i\000t\000y\000\040\000o\000f\000\040\000F\000i\000t}{subsection.3.6}% 24
\BOOKMARK [3][-]{subsubsection.3.6.2}{\376\377\000F\000e\000a\000t\000u\000r\000e\000\040\000S\000e\000l\000e\000c\000t\000i\000o\000n}{subsection.3.6}% 25
\BOOKMARK [2][-]{subsection.3.7}{\376\377\000B\000o\000x\000-\000C\000o\000x\000\040\000T\000r\000a\000n\000s\000f\000o\000r\000m\000a\000t\000i\000o\000n}{section.3}% 26
\BOOKMARK [3][-]{subsubsection.3.7.1}{\376\377\000Q\000u\000a\000l\000i\000t\000y\000\040\000o\000f\000\040\000F\000i\000t}{subsection.3.7}% 27
\BOOKMARK [3][-]{subsubsection.3.7.2}{\376\377\000F\000e\000a\000t\000u\000r\000e\000\040\000S\000e\000l\000e\000c\000t\000i\000o\000n}{subsection.3.7}% 28
\BOOKMARK [2][-]{subsection.3.8}{\376\377\000O\000r\000d\000e\000r\000\040\0002\000\040\000P\000o\000l\000y\000n\000o\000m\000i\000a\000l\000\040\000R\000e\000g\000r\000e\000s\000s\000i\000o\000n}{section.3}% 29
\BOOKMARK [3][-]{subsubsection.3.8.1}{\376\377\000Q\000u\000a\000l\000i\000t\000y\000\040\000o\000f\000\040\000F\000i\000t}{subsection.3.8}% 30
\BOOKMARK [3][-]{subsubsection.3.8.2}{\376\377\000F\000e\000a\000t\000u\000r\000e\000\040\000S\000e\000l\000e\000c\000t\000i\000o\000n}{subsection.3.8}% 31
\BOOKMARK [2][-]{subsection.3.9}{\376\377\000M\000o\000d\000e\000l\000\040\000C\000o\000m\000p\000a\000r\000i\000s\000o\000n}{section.3}% 32
\BOOKMARK [1][-]{section.4}{\376\377\000C\000a\000l\000i\000f\000o\000r\000n\000i\000a\000\040\000H\000o\000u\000s\000i\000n\000g\000\040\000P\000r\000i\000c\000e\000s}{}% 33
\BOOKMARK [2][-]{subsection.4.1}{\376\377\000E\000x\000p\000l\000o\000r\000a\000t\000o\000r\000y\000\040\000D\000a\000t\000a\000\040\000A\000n\000a\000l\000y\000s\000i\000s}{section.4}% 34
\BOOKMARK [2][-]{subsection.4.2}{\376\377\000M\000u\000l\000t\000i\000p\000l\000e\000\040\000L\000i\000n\000e\000a\000r\000\040\000R\000e\000g\000r\000e\000s\000s\000i\000o\000n}{section.4}% 35
\BOOKMARK [3][-]{subsubsection.4.2.1}{\376\377\000Q\000u\000a\000l\000i\000t\000y\000\040\000o\000f\000\040\000F\000i\000t}{subsection.4.2}% 36
\BOOKMARK [3][-]{subsubsection.4.2.2}{\376\377\000F\000e\000a\000t\000u\000r\000e\000\040\000S\000e\000l\000e\000c\000t\000i\000o\000n}{subsection.4.2}% 37
\BOOKMARK [2][-]{subsection.4.3}{\376\377\000R\000i\000d\000g\000e\000\040\000R\000e\000g\000r\000e\000s\000s\000i\000o\000n}{section.4}% 38
\BOOKMARK [3][-]{subsubsection.4.3.1}{\376\377\000Q\000u\000a\000l\000i\000t\000y\000\040\000o\000f\000\040\000F\000i\000t}{subsection.4.3}% 39
\BOOKMARK [3][-]{subsubsection.4.3.2}{\376\377\000F\000e\000a\000t\000u\000r\000e\000\040\000S\000e\000l\000e\000c\000t\000i\000o\000n}{subsection.4.3}% 40
\BOOKMARK [2][-]{subsection.4.4}{\376\377\000L\000a\000s\000s\000o\000\040\000R\000e\000g\000r\000e\000s\000s\000i\000o\000n}{section.4}% 41
\BOOKMARK [3][-]{subsubsection.4.4.1}{\376\377\000Q\000u\000a\000l\000i\000t\000y\000\040\000o\000f\000\040\000F\000i\000t}{subsection.4.4}% 42
\BOOKMARK [3][-]{subsubsection.4.4.2}{\376\377\000F\000e\000a\000t\000u\000r\000e\000\040\000S\000e\000l\000e\000c\000t\000i\000o\000n}{subsection.4.4}% 43
\BOOKMARK [2][-]{subsection.4.5}{\376\377\000S\000q\000r\000t\000\040\000T\000r\000a\000n\000s\000f\000o\000r\000m\000a\000t\000i\000o\000n}{section.4}% 44
\BOOKMARK [3][-]{subsubsection.4.5.1}{\376\377\000Q\000u\000a\000l\000i\000t\000y\000\040\000o\000f\000\040\000F\000i\000t}{subsection.4.5}% 45
\BOOKMARK [3][-]{subsubsection.4.5.2}{\376\377\000F\000e\000a\000t\000u\000r\000e\000\040\000S\000e\000l\000e\000c\000t\000i\000o\000n}{subsection.4.5}% 46
\BOOKMARK [2][-]{subsection.4.6}{\376\377\000L\000o\000g\0001\000p\000\040\000T\000r\000a\000n\000s\000f\000o\000r\000m\000a\000t\000i\000o\000n}{section.4}% 47
\BOOKMARK [3][-]{subsubsection.4.6.1}{\376\377\000Q\000u\000a\000l\000i\000t\000y\000\040\000o\000f\000\040\000F\000i\000t}{subsection.4.6}% 48
\BOOKMARK [3][-]{subsubsection.4.6.2}{\376\377\000F\000e\000a\000t\000u\000r\000e\000\040\000S\000e\000l\000e\000c\000t\000i\000o\000n}{subsection.4.6}% 49
\BOOKMARK [2][-]{subsection.4.7}{\376\377\000B\000o\000x\000-\000C\000o\000x\000\040\000T\000r\000a\000n\000s\000f\000o\000r\000m\000a\000t\000i\000o\000n}{section.4}% 50
\BOOKMARK [3][-]{subsubsection.4.7.1}{\376\377\000Q\000u\000a\000l\000i\000t\000y\000\040\000o\000f\000\040\000F\000i\000t}{subsection.4.7}% 51
\BOOKMARK [3][-]{subsubsection.4.7.2}{\376\377\000F\000e\000a\000t\000u\000r\000e\000\040\000S\000e\000l\000e\000c\000t\000i\000o\000n}{subsection.4.7}% 52
\BOOKMARK [2][-]{subsection.4.8}{\376\377\000O\000r\000d\000e\000r\000\040\0002\000\040\000P\000o\000l\000y\000n\000o\000m\000i\000a\000l\000\040\000R\000e\000g\000r\000e\000s\000s\000i\000o\000n}{section.4}% 53
\BOOKMARK [3][-]{subsubsection.4.8.1}{\376\377\000Q\000u\000a\000l\000i\000t\000y\000\040\000o\000f\000\040\000F\000i\000t}{subsection.4.8}% 54
\BOOKMARK [3][-]{subsubsection.4.8.2}{\376\377\000F\000e\000a\000t\000u\000r\000e\000\040\000S\000e\000l\000e\000c\000t\000i\000o\000n}{subsection.4.8}% 55
\BOOKMARK [2][-]{subsection.4.9}{\376\377\000M\000o\000d\000e\000l\000\040\000C\000o\000m\000p\000a\000r\000i\000s\000o\000n}{section.4}% 56
\BOOKMARK [1][-]{section.5}{\376\377\000I\000n\000s\000u\000r\000a\000n\000c\000e\000\040\000C\000h\000a\000r\000g\000e\000s}{}% 57
\BOOKMARK [2][-]{subsection.5.1}{\376\377\000E\000x\000p\000l\000o\000r\000a\000t\000o\000r\000y\000\040\000D\000a\000t\000a\000\040\000A\000n\000a\000l\000y\000s\000i\000s}{section.5}% 58
\BOOKMARK [2][-]{subsection.5.2}{\376\377\000M\000u\000l\000t\000i\000p\000l\000e\000\040\000L\000i\000n\000e\000a\000r\000\040\000R\000e\000g\000r\000e\000s\000s\000i\000o\000n}{section.5}% 59
\BOOKMARK [3][-]{subsubsection.5.2.1}{\376\377\000Q\000u\000a\000l\000i\000t\000y\000\040\000o\000f\000\040\000F\000i\000t}{subsection.5.2}% 60
\BOOKMARK [3][-]{subsubsection.5.2.2}{\376\377\000F\000e\000a\000t\000u\000r\000e\000\040\000S\000e\000l\000e\000c\000t\000i\000o\000n}{subsection.5.2}% 61
\BOOKMARK [2][-]{subsection.5.3}{\376\377\000R\000i\000d\000g\000e\000\040\000R\000e\000g\000r\000e\000s\000s\000i\000o\000n}{section.5}% 62
\BOOKMARK [3][-]{subsubsection.5.3.1}{\376\377\000Q\000u\000a\000l\000i\000t\000y\000\040\000o\000f\000\040\000F\000i\000t}{subsection.5.3}% 63
\BOOKMARK [3][-]{subsubsection.5.3.2}{\376\377\000F\000e\000a\000t\000u\000r\000e\000\040\000S\000e\000l\000e\000c\000t\000i\000o\000n}{subsection.5.3}% 64
\BOOKMARK [2][-]{subsection.5.4}{\376\377\000L\000a\000s\000s\000o\000\040\000R\000e\000g\000r\000e\000s\000s\000i\000o\000n}{section.5}% 65
\BOOKMARK [3][-]{subsubsection.5.4.1}{\376\377\000Q\000u\000a\000l\000i\000t\000y\000\040\000o\000f\000\040\000F\000i\000t}{subsection.5.4}% 66
\BOOKMARK [3][-]{subsubsection.5.4.2}{\376\377\000F\000e\000a\000t\000u\000r\000e\000\040\000S\000e\000l\000e\000c\000t\000i\000o\000n}{subsection.5.4}% 67
\BOOKMARK [2][-]{subsection.5.5}{\376\377\000S\000q\000r\000t\000\040\000T\000r\000a\000n\000s\000f\000o\000r\000m\000a\000t\000i\000o\000n}{section.5}% 68
\BOOKMARK [3][-]{subsubsection.5.5.1}{\376\377\000Q\000u\000a\000l\000i\000t\000y\000\040\000o\000f\000\040\000F\000i\000t}{subsection.5.5}% 69
\BOOKMARK [3][-]{subsubsection.5.5.2}{\376\377\000F\000e\000a\000t\000u\000r\000e\000\040\000S\000e\000l\000e\000c\000t\000i\000o\000n}{subsection.5.5}% 70
\BOOKMARK [2][-]{subsection.5.6}{\376\377\000L\000o\000g\0001\000p\000\040\000T\000r\000a\000n\000s\000f\000o\000r\000m\000a\000t\000i\000o\000n}{section.5}% 71
\BOOKMARK [3][-]{subsubsection.5.6.1}{\376\377\000Q\000u\000a\000l\000i\000t\000y\000\040\000o\000f\000\040\000F\000i\000t}{subsection.5.6}% 72
\BOOKMARK [3][-]{subsubsection.5.6.2}{\376\377\000F\000e\000a\000t\000u\000r\000e\000\040\000S\000e\000l\000e\000c\000t\000i\000o\000n}{subsection.5.6}% 73
\BOOKMARK [2][-]{subsection.5.7}{\376\377\000B\000o\000x\000-\000C\000o\000x\000\040\000T\000r\000a\000n\000s\000f\000o\000r\000m\000a\000t\000i\000o\000n}{section.5}% 74
\BOOKMARK [3][-]{subsubsection.5.7.1}{\376\377\000Q\000u\000a\000l\000i\000t\000y\000\040\000o\000f\000\040\000F\000i\000t}{subsection.5.7}% 75
\BOOKMARK [3][-]{subsubsection.5.7.2}{\376\377\000F\000e\000a\000t\000u\000r\000e\000\040\000S\000e\000l\000e\000c\000t\000i\000o\000n}{subsection.5.7}% 76
\BOOKMARK [2][-]{subsection.5.8}{\376\377\000O\000r\000d\000e\000r\000\040\0002\000\040\000P\000o\000l\000y\000n\000o\000m\000i\000a\000l\000\040\000R\000e\000g\000r\000e\000s\000s\000i\000o\000n}{section.5}% 77
\BOOKMARK [3][-]{subsubsection.5.8.1}{\376\377\000Q\000u\000a\000l\000i\000t\000y\000\040\000o\000f\000\040\000F\000i\000t}{subsection.5.8}% 78
\BOOKMARK [3][-]{subsubsection.5.8.2}{\376\377\000F\000e\000a\000t\000u\000r\000e\000\040\000S\000e\000l\000e\000c\000t\000i\000o\000n}{subsection.5.8}% 79
\BOOKMARK [2][-]{subsection.5.9}{\376\377\000M\000o\000d\000e\000l\000\040\000C\000o\000m\000p\000a\000r\000i\000s\000o\000n}{section.5}% 80
